0 info it worked if it ends with ok
1 verbose cli [ '/usr/local/Cellar/node/6.2.0/bin/node',
1 verbose cli   '/usr/local/bin/npm',
1 verbose cli   'install',
1 verbose cli   '--save',
1 verbose cli   'cleverbot.io' ]
2 info using npm@3.8.9
3 info using node@v6.2.0
4 silly loadCurrentTree Starting
5 silly install loadCurrentTree
6 silly install readLocalPackageData
7 silly fetchPackageMetaData cleverbot.io
8 silly fetchNamedPackageData cleverbot.io
9 silly mapToRegistry name cleverbot.io
10 silly mapToRegistry using default registry
11 silly mapToRegistry registry https://registry.npmjs.org/
12 silly mapToRegistry data Result {
12 silly mapToRegistry   raw: 'cleverbot.io',
12 silly mapToRegistry   scope: null,
12 silly mapToRegistry   name: 'cleverbot.io',
12 silly mapToRegistry   rawSpec: '',
12 silly mapToRegistry   spec: 'latest',
12 silly mapToRegistry   type: 'tag' }
13 silly mapToRegistry uri https://registry.npmjs.org/cleverbot.io
14 verbose request uri https://registry.npmjs.org/cleverbot.io
15 verbose request no auth needed
16 info attempt registry request try #1 at 9:49:07 PM
17 verbose request id 956add2280d89ac1
18 http request GET https://registry.npmjs.org/cleverbot.io
19 http 200 https://registry.npmjs.org/cleverbot.io
20 verbose headers { server: 'CouchDB/1.5.0 (Erlang OTP/R16B03)',
20 verbose headers   etag: '"7171MBAX91N6P2IQGB9F8H201"',
20 verbose headers   'content-type': 'application/json',
20 verbose headers   'content-encoding': 'gzip',
20 verbose headers   'cache-control': 'max-age=300',
20 verbose headers   'content-length': '2057',
20 verbose headers   'accept-ranges': 'bytes',
20 verbose headers   date: 'Fri, 03 Jun 2016 01:49:08 GMT',
20 verbose headers   via: '1.1 varnish',
20 verbose headers   age: '0',
20 verbose headers   connection: 'keep-alive',
20 verbose headers   'x-served-by': 'cache-iad2134-IAD',
20 verbose headers   'x-cache': 'MISS',
20 verbose headers   'x-cache-hits': '0',
20 verbose headers   'x-timer': 'S1464918547.970433,VS0,VE96',
20 verbose headers   vary: 'Accept-Encoding' }
21 silly get cb [ 200,
21 silly get   { server: 'CouchDB/1.5.0 (Erlang OTP/R16B03)',
21 silly get     etag: '"7171MBAX91N6P2IQGB9F8H201"',
21 silly get     'content-type': 'application/json',
21 silly get     'content-encoding': 'gzip',
21 silly get     'cache-control': 'max-age=300',
21 silly get     'content-length': '2057',
21 silly get     'accept-ranges': 'bytes',
21 silly get     date: 'Fri, 03 Jun 2016 01:49:08 GMT',
21 silly get     via: '1.1 varnish',
21 silly get     age: '0',
21 silly get     connection: 'keep-alive',
21 silly get     'x-served-by': 'cache-iad2134-IAD',
21 silly get     'x-cache': 'MISS',
21 silly get     'x-cache-hits': '0',
21 silly get     'x-timer': 'S1464918547.970433,VS0,VE96',
21 silly get     vary: 'Accept-Encoding' } ]
22 verbose get saving cleverbot.io to /Users/stellalee/.npm/registry.npmjs.org/cleverbot.io/.cache.json
23 verbose correctMkdir /Users/stellalee/.npm correctMkdir not in flight; initializing
24 silly install normalizeTree
25 silly loadCurrentTree Finishing
26 silly loadIdealTree Starting
27 silly install loadIdealTree
28 silly cloneCurrentTree Starting
29 silly install cloneCurrentTreeToIdealTree
30 silly cloneCurrentTree Finishing
31 silly loadShrinkwrap Starting
32 silly install loadShrinkwrap
33 silly loadShrinkwrap Finishing
34 silly loadAllDepsIntoIdealTree Starting
35 silly install loadAllDepsIntoIdealTree
36 silly resolveWithNewModule cleverbot.io@1.0.4 checking installable status
37 silly cache add args [ 'cleverbot.io', null ]
38 verbose cache add spec cleverbot.io
39 silly cache add parsed spec Result {
39 silly cache add   raw: 'cleverbot.io',
39 silly cache add   scope: null,
39 silly cache add   name: 'cleverbot.io',
39 silly cache add   rawSpec: '',
39 silly cache add   spec: 'latest',
39 silly cache add   type: 'tag' }
40 silly addNamed cleverbot.io@latest
41 verbose addNamed "latest" is being treated as a dist-tag for cleverbot.io
42 info addNameTag [ 'cleverbot.io', 'latest' ]
43 silly mapToRegistry name cleverbot.io
44 silly mapToRegistry using default registry
45 silly mapToRegistry registry https://registry.npmjs.org/
46 silly mapToRegistry data Result {
46 silly mapToRegistry   raw: 'cleverbot.io',
46 silly mapToRegistry   scope: null,
46 silly mapToRegistry   name: 'cleverbot.io',
46 silly mapToRegistry   rawSpec: '',
46 silly mapToRegistry   spec: 'latest',
46 silly mapToRegistry   type: 'tag' }
47 silly mapToRegistry uri https://registry.npmjs.org/cleverbot.io
48 verbose addNameTag registry:https://registry.npmjs.org/cleverbot.io not in flight; fetching
49 verbose get https://registry.npmjs.org/cleverbot.io not expired, no request
50 silly addNameTag next cb for cleverbot.io with tag latest
51 silly addNamed cleverbot.io@1.0.4
52 verbose addNamed "1.0.4" is a plain semver version for cleverbot.io
53 silly mapToRegistry name cleverbot.io
54 silly mapToRegistry using default registry
55 silly mapToRegistry registry https://registry.npmjs.org/
56 silly mapToRegistry data Result {
56 silly mapToRegistry   raw: 'cleverbot.io',
56 silly mapToRegistry   scope: null,
56 silly mapToRegistry   name: 'cleverbot.io',
56 silly mapToRegistry   rawSpec: '',
56 silly mapToRegistry   spec: 'latest',
56 silly mapToRegistry   type: 'tag' }
57 silly mapToRegistry uri https://registry.npmjs.org/cleverbot.io
58 verbose addRemoteTarball https://registry.npmjs.org/cleverbot.io/-/cleverbot.io-1.0.4.tgz not in flight; adding
59 verbose addRemoteTarball [ 'https://registry.npmjs.org/cleverbot.io/-/cleverbot.io-1.0.4.tgz',
59 verbose addRemoteTarball   '8064862cb1f09bf7977d13b4b67b0b90e82f40af' ]
60 info retry fetch attempt 1 at 9:49:08 PM
61 info attempt registry request try #1 at 9:49:08 PM
62 http fetch GET https://registry.npmjs.org/cleverbot.io/-/cleverbot.io-1.0.4.tgz
63 http fetch 200 https://registry.npmjs.org/cleverbot.io/-/cleverbot.io-1.0.4.tgz
64 silly fetchAndShaCheck shasum 8064862cb1f09bf7977d13b4b67b0b90e82f40af
65 verbose addTmpTarball /var/folders/zf/qdg2rjbj7d1cbybrfmjp9ykw0000gn/T/npm-13716-a4c49047/registry.npmjs.org/cleverbot.io/-/cleverbot.io-1.0.4.tgz not in flight; adding
66 verbose addTmpTarball already have metadata; skipping unpack for cleverbot.io@1.0.4
67 verbose correctMkdir /Users/stellalee/.npm correctMkdir not in flight; initializing
68 silly cache afterAdd cleverbot.io@1.0.4
69 verbose afterAdd /Users/stellalee/.npm/cleverbot.io/1.0.4/package/package.json not in flight; writing
70 verbose correctMkdir /Users/stellalee/.npm correctMkdir not in flight; initializing
71 verbose afterAdd /Users/stellalee/.npm/cleverbot.io/1.0.4/package/package.json written
72 silly loadAllDepsIntoIdealTree Finishing
73 silly idealTree:prePrune botkit@0.2.0
73 silly idealTree:prePrune ├── accepts@1.2.13
73 silly idealTree:prePrune ├── acorn@1.2.2
73 silly idealTree:prePrune ├── agent-base@2.0.1
73 silly idealTree:prePrune ├── align-text@0.1.4
73 silly idealTree:prePrune ├── alter@0.2.0
73 silly idealTree:prePrune ├── amdefine@1.0.0
73 silly idealTree:prePrune ├── ansi-escape-sequences@2.2.2
73 silly idealTree:prePrune ├── ansi-regex@2.0.0
73 silly idealTree:prePrune ├── ansi-styles@2.2.1
73 silly idealTree:prePrune ├── argparse@1.0.7
73 silly idealTree:prePrune ├── array-back@1.0.3
73 silly idealTree:prePrune ├── array-flatten@1.1.1
73 silly idealTree:prePrune ├── asn1@0.1.11
73 silly idealTree:prePrune ├── assert-plus@0.1.5
73 silly idealTree:prePrune ├── ast-traverse@0.1.1
73 silly idealTree:prePrune ├── ast-types@0.8.12
73 silly idealTree:prePrune ├── async@2.0.0-rc.5
73 silly idealTree:prePrune ├── aws-sign2@0.6.0
73 silly idealTree:prePrune ├── aws4@1.4.1
73 silly idealTree:prePrune ├─┬ babel-core@5.8.38
73 silly idealTree:prePrune │ ├── core-js@1.2.6
73 silly idealTree:prePrune │ ├── lodash@3.10.1
73 silly idealTree:prePrune │ └── minimatch@2.0.10
73 silly idealTree:prePrune ├── babel-jscs@2.0.5
73 silly idealTree:prePrune ├── babel-plugin-constant-folding@1.0.1
73 silly idealTree:prePrune ├── babel-plugin-dead-code-elimination@1.0.2
73 silly idealTree:prePrune ├── babel-plugin-eval@1.0.1
73 silly idealTree:prePrune ├── babel-plugin-inline-environment-variables@1.0.1
73 silly idealTree:prePrune ├── babel-plugin-jscript@1.0.4
73 silly idealTree:prePrune ├── babel-plugin-member-expression-literals@1.0.1
73 silly idealTree:prePrune ├── babel-plugin-property-literals@1.0.1
73 silly idealTree:prePrune ├─┬ babel-plugin-proto-to-assign@1.0.4
73 silly idealTree:prePrune │ └── lodash@3.10.1
73 silly idealTree:prePrune ├── babel-plugin-react-constant-elements@1.0.3
73 silly idealTree:prePrune ├── babel-plugin-react-display-name@1.0.3
73 silly idealTree:prePrune ├── babel-plugin-remove-console@1.0.1
73 silly idealTree:prePrune ├── babel-plugin-remove-debugger@1.0.1
73 silly idealTree:prePrune ├── babel-plugin-runtime@1.0.7
73 silly idealTree:prePrune ├── babel-plugin-undeclared-variables-check@1.0.2
73 silly idealTree:prePrune ├── babel-plugin-undefined-to-void@1.1.6
73 silly idealTree:prePrune ├── babylon@5.8.38
73 silly idealTree:prePrune ├── back@1.0.1
73 silly idealTree:prePrune ├── balanced-match@0.4.1
73 silly idealTree:prePrune ├── base64-url@1.2.2
73 silly idealTree:prePrune ├── base64url@1.0.6
73 silly idealTree:prePrune ├── bl@1.0.3
73 silly idealTree:prePrune ├── bluebird@2.10.2
73 silly idealTree:prePrune ├── body-parser@1.15.1
73 silly idealTree:prePrune ├── boom@2.10.1
73 silly idealTree:prePrune ├── brace-expansion@1.1.4
73 silly idealTree:prePrune ├── breakable@1.0.0
73 silly idealTree:prePrune ├── buffer-equal-constant-time@1.0.1
73 silly idealTree:prePrune ├── bytes@2.3.0
73 silly idealTree:prePrune ├── camelcase-keys@1.0.0
73 silly idealTree:prePrune ├── camelcase@1.2.1
73 silly idealTree:prePrune ├── caseless@0.11.0
73 silly idealTree:prePrune ├── center-align@0.1.3
73 silly idealTree:prePrune ├── chalk@1.1.3
73 silly idealTree:prePrune ├── cleverbot.io@1.0.4
73 silly idealTree:prePrune ├── cli-table@0.3.1
73 silly idealTree:prePrune ├── cliui@3.2.0
73 silly idealTree:prePrune ├── clone@1.0.2
73 silly idealTree:prePrune ├── co@3.1.0
73 silly idealTree:prePrune ├── code-point-at@1.0.0
73 silly idealTree:prePrune ├── collect-all@0.2.1
73 silly idealTree:prePrune ├─┬ collect-json@1.0.8
73 silly idealTree:prePrune │ ├── collect-all@1.0.2
73 silly idealTree:prePrune │ └── stream-via@1.0.3
73 silly idealTree:prePrune ├── colors@1.0.3
73 silly idealTree:prePrune ├── column-layout@2.1.4
73 silly idealTree:prePrune ├── combined-stream@1.0.5
73 silly idealTree:prePrune ├── command-line-args@2.1.6
73 silly idealTree:prePrune ├── command-line-usage@2.0.5
73 silly idealTree:prePrune ├── commander@2.9.0
73 silly idealTree:prePrune ├── comment-parser@0.3.1
73 silly idealTree:prePrune ├─┬ commoner@0.10.4
73 silly idealTree:prePrune │ └── q@1.4.1
73 silly idealTree:prePrune ├── concat-map@0.0.1
73 silly idealTree:prePrune ├─┬ concat-stream@1.4.10
73 silly idealTree:prePrune │ ├── isarray@0.0.1
73 silly idealTree:prePrune │ └── readable-stream@1.1.14
73 silly idealTree:prePrune ├── content-disposition@0.5.1
73 silly idealTree:prePrune ├── content-type@1.0.2
73 silly idealTree:prePrune ├── convert-source-map@1.2.0
73 silly idealTree:prePrune ├── cookie-signature@1.0.6
73 silly idealTree:prePrune ├── cookie@0.1.5
73 silly idealTree:prePrune ├── core-js@2.4.0
73 silly idealTree:prePrune ├── core-util-is@1.0.2
73 silly idealTree:prePrune ├── cryptiles@2.0.5
73 silly idealTree:prePrune ├── ctype@0.5.3
73 silly idealTree:prePrune ├── cycle@1.0.3
73 silly idealTree:prePrune ├── d@0.1.1
73 silly idealTree:prePrune ├─┬ dashdash@1.14.0
73 silly idealTree:prePrune │ └── assert-plus@1.0.0
73 silly idealTree:prePrune ├── debug@2.2.0
73 silly idealTree:prePrune ├── decamelize@1.2.0
73 silly idealTree:prePrune ├── deep-equal@1.0.1
73 silly idealTree:prePrune ├── deep-extend@0.4.1
73 silly idealTree:prePrune ├── defined@1.0.0
73 silly idealTree:prePrune ├─┬ defs@1.1.1
73 silly idealTree:prePrune │ ├── cliui@2.1.0
73 silly idealTree:prePrune │ ├── esprima-fb@15001.1001.0-dev-harmony-fb
73 silly idealTree:prePrune │ └── yargs@3.27.0
73 silly idealTree:prePrune ├── delayed-stream@1.0.0
73 silly idealTree:prePrune ├── depd@1.1.0
73 silly idealTree:prePrune ├── deprecate@0.1.0
73 silly idealTree:prePrune ├── destroy@1.0.4
73 silly idealTree:prePrune ├─┬ detect-indent@3.0.1
73 silly idealTree:prePrune │ └── minimist@1.2.0
73 silly idealTree:prePrune ├── detective@4.3.1
73 silly idealTree:prePrune ├── diff@1.4.0
73 silly idealTree:prePrune ├─┬ dom-serializer@0.1.0
73 silly idealTree:prePrune │ ├── domelementtype@1.1.3
73 silly idealTree:prePrune │ └── entities@1.1.1
73 silly idealTree:prePrune ├── domelementtype@1.3.0
73 silly idealTree:prePrune ├── domhandler@2.3.0
73 silly idealTree:prePrune ├── domutils@1.5.1
73 silly idealTree:prePrune ├── ecc-jsbn@0.1.1
73 silly idealTree:prePrune ├── ecdsa-sig-formatter@1.0.5
73 silly idealTree:prePrune ├── ee-first@1.1.1
73 silly idealTree:prePrune ├── entities@1.0.0
73 silly idealTree:prePrune ├── es5-ext@0.10.11
73 silly idealTree:prePrune ├── es6-iterator@2.0.0
73 silly idealTree:prePrune ├── es6-map@0.1.3
73 silly idealTree:prePrune ├── es6-set@0.1.4
73 silly idealTree:prePrune ├── es6-symbol@3.0.2
73 silly idealTree:prePrune ├── es6-weak-map@2.0.1
73 silly idealTree:prePrune ├── escape-html@1.0.3
73 silly idealTree:prePrune ├── escape-string-regexp@1.0.5
73 silly idealTree:prePrune ├── escope@3.6.0
73 silly idealTree:prePrune ├── esprima@2.7.2
73 silly idealTree:prePrune ├─┬ esrecurse@4.1.0
73 silly idealTree:prePrune │ ├── estraverse@4.1.1
73 silly idealTree:prePrune │ └── object-assign@4.1.0
73 silly idealTree:prePrune ├── estraverse@4.2.0
73 silly idealTree:prePrune ├── esutils@2.0.2
73 silly idealTree:prePrune ├── etag@1.7.0
73 silly idealTree:prePrune ├── event-emitter@0.3.4
73 silly idealTree:prePrune ├── exit@0.1.2
73 silly idealTree:prePrune ├─┬ express@4.13.4
73 silly idealTree:prePrune │ └── qs@4.0.0
73 silly idealTree:prePrune ├── extend@3.0.0
73 silly idealTree:prePrune ├── extsprintf@1.0.2
73 silly idealTree:prePrune ├── eyes@0.1.8
73 silly idealTree:prePrune ├── feature-detect-es6@1.3.0
73 silly idealTree:prePrune ├── finalhandler@0.4.1
73 silly idealTree:prePrune ├─┬ find-replace@1.0.2
73 silly idealTree:prePrune │ └── test-value@2.0.0
73 silly idealTree:prePrune ├── forever-agent@0.6.1
73 silly idealTree:prePrune ├─┬ form-data@1.0.0-rc4
73 silly idealTree:prePrune │ └── async@1.5.2
73 silly idealTree:prePrune ├── forwarded@0.1.0
73 silly idealTree:prePrune ├── fresh@0.3.0
73 silly idealTree:prePrune ├── fs-readdir-recursive@0.1.2
73 silly idealTree:prePrune ├── generate-function@2.0.0
73 silly idealTree:prePrune ├── generate-object-property@1.2.0
73 silly idealTree:prePrune ├── get-stdin@4.0.1
73 silly idealTree:prePrune ├─┬ getpass@0.1.6
73 silly idealTree:prePrune │ └── assert-plus@1.0.0
73 silly idealTree:prePrune ├── glob@5.0.15
73 silly idealTree:prePrune ├── globals@6.4.1
73 silly idealTree:prePrune ├── graceful-fs@4.1.4
73 silly idealTree:prePrune ├── graceful-readlink@1.0.1
73 silly idealTree:prePrune ├── growl@1.9.2
73 silly idealTree:prePrune ├── har-validator@2.0.6
73 silly idealTree:prePrune ├── has-ansi@2.0.0
73 silly idealTree:prePrune ├── has-color@0.1.7
73 silly idealTree:prePrune ├── hawk@3.1.3
73 silly idealTree:prePrune ├── hoek@2.16.3
73 silly idealTree:prePrune ├── home-or-tmp@1.0.0
73 silly idealTree:prePrune ├─┬ htmlparser2@3.8.3
73 silly idealTree:prePrune │ ├── isarray@0.0.1
73 silly idealTree:prePrune │ └── readable-stream@1.1.14
73 silly idealTree:prePrune ├── http-errors@1.4.0
73 silly idealTree:prePrune ├── http-signature@0.11.0
73 silly idealTree:prePrune ├── https-proxy-agent@1.0.0
73 silly idealTree:prePrune ├── i@0.3.5
73 silly idealTree:prePrune ├── iconv-lite@0.4.13
73 silly idealTree:prePrune ├─┬ indent-string@1.2.2
73 silly idealTree:prePrune │ └── minimist@1.2.0
73 silly idealTree:prePrune ├── inflight@1.0.5
73 silly idealTree:prePrune ├── inherit@2.2.3
73 silly idealTree:prePrune ├── inherits@2.0.1
73 silly idealTree:prePrune ├── invert-kv@1.0.0
73 silly idealTree:prePrune ├── ipaddr.js@1.0.5
73 silly idealTree:prePrune ├── is-buffer@1.1.3
73 silly idealTree:prePrune ├── is-finite@1.0.1
73 silly idealTree:prePrune ├── is-fullwidth-code-point@1.0.0
73 silly idealTree:prePrune ├── is-integer@1.0.6
73 silly idealTree:prePrune ├── is-my-json-valid@2.13.1
73 silly idealTree:prePrune ├── is-property@1.0.2
73 silly idealTree:prePrune ├── is-typedarray@1.0.0
73 silly idealTree:prePrune ├── is-utf8@0.2.1
73 silly idealTree:prePrune ├── isarray@1.0.0
73 silly idealTree:prePrune ├── isstream@0.1.2
73 silly idealTree:prePrune ├─┬ jade@0.26.3
73 silly idealTree:prePrune │ ├── commander@0.6.1
73 silly idealTree:prePrune │ └── mkdirp@0.3.0
73 silly idealTree:prePrune ├─┬ jfs@0.2.6
73 silly idealTree:prePrune │ └── async@1.2.1
73 silly idealTree:prePrune ├── jodid25519@1.0.2
73 silly idealTree:prePrune ├── js-tokens@1.0.1
73 silly idealTree:prePrune ├── js-yaml@3.4.6
73 silly idealTree:prePrune ├── jsbn@0.1.0
73 silly idealTree:prePrune ├── jscs-jsdoc@1.3.2
73 silly idealTree:prePrune ├── jscs-preset-wikimedia@1.0.0
73 silly idealTree:prePrune ├─┬ jscs@2.11.0
73 silly idealTree:prePrune │ └── lodash@3.10.1
73 silly idealTree:prePrune ├─┬ jsdoctypeparser@1.2.0
73 silly idealTree:prePrune │ └── lodash@3.10.1
73 silly idealTree:prePrune ├── jsesc@0.5.0
73 silly idealTree:prePrune ├── json-schema@0.2.2
73 silly idealTree:prePrune ├── json-stringify-safe@5.0.1
73 silly idealTree:prePrune ├── json5@0.4.0
73 silly idealTree:prePrune ├── jsonlint@1.6.2
73 silly idealTree:prePrune ├── jsonpointer@2.0.0
73 silly idealTree:prePrune ├── jsonwebtoken@5.4.1
73 silly idealTree:prePrune ├── jsprim@1.2.2
73 silly idealTree:prePrune ├── JSV@4.0.2
73 silly idealTree:prePrune ├── jwa@1.1.3
73 silly idealTree:prePrune ├── jws@3.1.3
73 silly idealTree:prePrune ├── jwt-simple@0.1.0
73 silly idealTree:prePrune ├── kind-of@3.0.3
73 silly idealTree:prePrune ├── lazy-cache@1.0.4
73 silly idealTree:prePrune ├── lcid@1.0.0
73 silly idealTree:prePrune ├── leven@1.0.2
73 silly idealTree:prePrune ├─┬ localtunnel@1.8.1
73 silly idealTree:prePrune │ ├── qs@5.2.0
73 silly idealTree:prePrune │ └── request@2.65.0
73 silly idealTree:prePrune ├── lodash._baseassign@3.2.0
73 silly idealTree:prePrune ├── lodash._basecopy@3.0.1
73 silly idealTree:prePrune ├── lodash._bindcallback@3.0.1
73 silly idealTree:prePrune ├── lodash._createassigner@3.1.1
73 silly idealTree:prePrune ├── lodash._getnative@3.9.1
73 silly idealTree:prePrune ├── lodash._isiterateecall@3.0.9
73 silly idealTree:prePrune ├── lodash.assign@3.2.0
73 silly idealTree:prePrune ├── lodash.isarguments@3.0.8
73 silly idealTree:prePrune ├── lodash.isarray@3.0.4
73 silly idealTree:prePrune ├── lodash.keys@3.1.2
73 silly idealTree:prePrune ├── lodash.restparam@3.6.1
73 silly idealTree:prePrune ├── lodash@4.13.1
73 silly idealTree:prePrune ├── longest@1.0.1
73 silly idealTree:prePrune ├── lru-cache@2.7.3
73 silly idealTree:prePrune ├── map-obj@1.0.1
73 silly idealTree:prePrune ├── media-typer@0.3.0
73 silly idealTree:prePrune ├─┬ meow@2.0.0
73 silly idealTree:prePrune │ └── minimist@1.2.0
73 silly idealTree:prePrune ├── merge-descriptors@1.0.1
73 silly idealTree:prePrune ├── methods@1.1.2
73 silly idealTree:prePrune ├── mime-db@1.23.0
73 silly idealTree:prePrune ├── mime-types@2.1.11
73 silly idealTree:prePrune ├── mime@1.3.4
73 silly idealTree:prePrune ├── minimatch@3.0.0
73 silly idealTree:prePrune ├── minimist@0.0.8
73 silly idealTree:prePrune ├── mkdirp@0.5.1
73 silly idealTree:prePrune ├─┬ mocha@2.5.3
73 silly idealTree:prePrune │ ├── commander@2.3.0
73 silly idealTree:prePrune │ ├── escape-string-regexp@1.0.2
73 silly idealTree:prePrune │ ├── glob@3.2.11
73 silly idealTree:prePrune │ ├── minimatch@0.3.0
73 silly idealTree:prePrune │ └── supports-color@1.2.0
73 silly idealTree:prePrune ├── ms@0.7.1
73 silly idealTree:prePrune ├── mustache@2.2.1
73 silly idealTree:prePrune ├── mute-stream@0.0.6
73 silly idealTree:prePrune ├── natural-compare@1.2.2
73 silly idealTree:prePrune ├── ncp@0.4.2
73 silly idealTree:prePrune ├── negotiator@0.5.3
73 silly idealTree:prePrune ├── node-uuid@1.4.7
73 silly idealTree:prePrune ├─┬ nomnom@1.8.1
73 silly idealTree:prePrune │ ├── ansi-styles@1.0.0
73 silly idealTree:prePrune │ ├── chalk@0.4.0
73 silly idealTree:prePrune │ ├── strip-ansi@0.1.1
73 silly idealTree:prePrune │ └── underscore@1.6.0
73 silly idealTree:prePrune ├── number-is-nan@1.0.0
73 silly idealTree:prePrune ├── oauth-sign@0.8.2
73 silly idealTree:prePrune ├── object-assign@1.0.0
73 silly idealTree:prePrune ├── object-get@2.0.4
73 silly idealTree:prePrune ├── object-tools@2.0.6
73 silly idealTree:prePrune ├── on-finished@2.3.0
73 silly idealTree:prePrune ├── once@1.3.3
73 silly idealTree:prePrune ├── openurl@1.1.0
73 silly idealTree:prePrune ├── options@0.0.6
73 silly idealTree:prePrune ├── os-locale@1.4.0
73 silly idealTree:prePrune ├── os-tmpdir@1.0.1
73 silly idealTree:prePrune ├── output-file-sync@1.1.1
73 silly idealTree:prePrune ├── parseurl@1.3.1
73 silly idealTree:prePrune ├── path-exists@1.0.0
73 silly idealTree:prePrune ├── path-is-absolute@1.0.0
73 silly idealTree:prePrune ├── path-to-regexp@0.1.7
73 silly idealTree:prePrune ├── pathval@0.1.1
73 silly idealTree:prePrune ├── pinkie-promise@2.0.1
73 silly idealTree:prePrune ├── pinkie@2.0.4
73 silly idealTree:prePrune ├── pkginfo@0.4.0
73 silly idealTree:prePrune ├── private@0.1.6
73 silly idealTree:prePrune ├── process-nextick-args@1.0.7
73 silly idealTree:prePrune ├─┬ prompt@0.2.14
73 silly idealTree:prePrune │ ├── async@0.2.10
73 silly idealTree:prePrune │ ├── colors@0.6.2
73 silly idealTree:prePrune │ └─┬ winston@0.8.3
73 silly idealTree:prePrune │   └── pkginfo@0.3.1
73 silly idealTree:prePrune ├── proxy-addr@1.0.10
73 silly idealTree:prePrune ├── q@0.9.7
73 silly idealTree:prePrune ├── qs@6.1.0
73 silly idealTree:prePrune ├── range-parser@1.0.3
73 silly idealTree:prePrune ├── raw-body@2.1.6
73 silly idealTree:prePrune ├── read@1.0.7
73 silly idealTree:prePrune ├── readable-stream@2.0.6
73 silly idealTree:prePrune ├─┬ recast@0.10.33
73 silly idealTree:prePrune │ └── esprima-fb@15001.1001.0-dev-harmony-fb
73 silly idealTree:prePrune ├── regenerate@1.3.1
73 silly idealTree:prePrune ├─┬ regenerator@0.8.40
73 silly idealTree:prePrune │ └── esprima-fb@15001.1001.0-dev-harmony-fb
73 silly idealTree:prePrune ├── regexpu@1.3.0
73 silly idealTree:prePrune ├── regjsgen@0.2.0
73 silly idealTree:prePrune ├── regjsparser@0.1.5
73 silly idealTree:prePrune ├── repeat-string@1.5.4
73 silly idealTree:prePrune ├── repeating@1.1.3
73 silly idealTree:prePrune ├─┬ request@2.72.0
73 silly idealTree:prePrune │ ├── assert-plus@0.2.0
73 silly idealTree:prePrune │ ├── bl@1.1.2
73 silly idealTree:prePrune │ └── http-signature@1.1.1
73 silly idealTree:prePrune ├── reserved-words@0.1.1
73 silly idealTree:prePrune ├── resolve@1.1.7
73 silly idealTree:prePrune ├── revalidator@0.1.8
73 silly idealTree:prePrune ├── right-align@0.1.3
73 silly idealTree:prePrune ├─┬ rimraf@2.5.2
73 silly idealTree:prePrune │ └── glob@7.0.3
73 silly idealTree:prePrune ├── scmp@0.0.3
73 silly idealTree:prePrune ├── semver@5.0.3
73 silly idealTree:prePrune ├─┬ send@0.13.1
73 silly idealTree:prePrune │ ├── http-errors@1.3.1
73 silly idealTree:prePrune │ └── statuses@1.2.1
73 silly idealTree:prePrune ├─┬ serve-static@1.10.3
73 silly idealTree:prePrune │ ├── http-errors@1.3.1
73 silly idealTree:prePrune │ ├── send@0.13.2
73 silly idealTree:prePrune │ └── statuses@1.2.1
73 silly idealTree:prePrune ├── shebang-regex@1.0.0
73 silly idealTree:prePrune ├── should-equal@0.8.0
73 silly idealTree:prePrune ├── should-format@0.3.2
73 silly idealTree:prePrune ├── should-type@0.2.0
73 silly idealTree:prePrune ├── should@8.4.0
73 silly idealTree:prePrune ├── sigmund@1.0.1
73 silly idealTree:prePrune ├── simple-fmt@0.1.0
73 silly idealTree:prePrune ├── simple-is@0.2.0
73 silly idealTree:prePrune ├── slash@1.0.0
73 silly idealTree:prePrune ├── sntp@1.0.9
73 silly idealTree:prePrune ├─┬ source-map-support@0.2.10
73 silly idealTree:prePrune │ └── source-map@0.1.32
73 silly idealTree:prePrune ├── source-map@0.5.6
73 silly idealTree:prePrune ├── sprintf-js@1.0.3
73 silly idealTree:prePrune ├─┬ sshpk@1.8.3
73 silly idealTree:prePrune │ ├── asn1@0.2.3
73 silly idealTree:prePrune │ └── assert-plus@1.0.0
73 silly idealTree:prePrune ├── stable@0.1.5
73 silly idealTree:prePrune ├── stack-trace@0.0.9
73 silly idealTree:prePrune ├── statuses@1.3.0
73 silly idealTree:prePrune ├── stream-connect@1.0.2
73 silly idealTree:prePrune ├── stream-via@0.1.1
73 silly idealTree:prePrune ├── string_decoder@0.10.31
73 silly idealTree:prePrune ├── string-width@1.0.1
73 silly idealTree:prePrune ├── string.prototype.startswith@0.2.0
73 silly idealTree:prePrune ├── stringmap@0.2.2
73 silly idealTree:prePrune ├── stringset@0.2.1
73 silly idealTree:prePrune ├── stringstream@0.0.5
73 silly idealTree:prePrune ├── strip-ansi@3.0.1
73 silly idealTree:prePrune ├── strip-bom@2.0.0
73 silly idealTree:prePrune ├── strip-json-comments@1.0.4
73 silly idealTree:prePrune ├── supports-color@2.0.0
73 silly idealTree:prePrune ├── test-value@1.1.0
73 silly idealTree:prePrune ├── through@2.3.8
73 silly idealTree:prePrune ├── to-double-quotes@2.0.0
73 silly idealTree:prePrune ├── to-fast-properties@1.0.2
73 silly idealTree:prePrune ├── to-iso-string@0.0.2
73 silly idealTree:prePrune ├── to-single-quotes@2.0.0
73 silly idealTree:prePrune ├── tough-cookie@2.2.2
73 silly idealTree:prePrune ├── trim-right@1.0.1
73 silly idealTree:prePrune ├── try-resolve@1.0.1
73 silly idealTree:prePrune ├── tryor@0.1.2
73 silly idealTree:prePrune ├── tunnel-agent@0.4.3
73 silly idealTree:prePrune ├── tweetnacl@0.13.3
73 silly idealTree:prePrune ├─┬ twilio@2.9.1
73 silly idealTree:prePrune │ ├── async@0.9.2
73 silly idealTree:prePrune │ ├── aws-sign2@0.5.0
73 silly idealTree:prePrune │ ├── bl@0.9.5
73 silly idealTree:prePrune │ ├── caseless@0.9.0
73 silly idealTree:prePrune │ ├── combined-stream@0.0.7
73 silly idealTree:prePrune │ ├── delayed-stream@0.0.5
73 silly idealTree:prePrune │ ├── form-data@0.2.0
73 silly idealTree:prePrune │ ├── har-validator@1.8.0
73 silly idealTree:prePrune │ ├── hawk@2.3.1
73 silly idealTree:prePrune │ ├── http-signature@0.10.1
73 silly idealTree:prePrune │ ├── isarray@0.0.1
73 silly idealTree:prePrune │ ├── mime-db@1.12.0
73 silly idealTree:prePrune │ ├── mime-types@2.0.14
73 silly idealTree:prePrune │ ├── oauth-sign@0.6.0
73 silly idealTree:prePrune │ ├── qs@2.4.2
73 silly idealTree:prePrune │ ├── readable-stream@1.0.34
73 silly idealTree:prePrune │ └── request@2.55.0
73 silly idealTree:prePrune ├── type-is@1.6.13
73 silly idealTree:prePrune ├── typedarray@0.0.6
73 silly idealTree:prePrune ├── typical@2.4.2
73 silly idealTree:prePrune ├── ultron@1.0.2
73 silly idealTree:prePrune ├── underscore@1.8.3
73 silly idealTree:prePrune ├── unpipe@1.0.0
73 silly idealTree:prePrune ├── user-home@1.1.1
73 silly idealTree:prePrune ├── util-deprecate@1.0.2
73 silly idealTree:prePrune ├─┬ utile@0.2.1
73 silly idealTree:prePrune │ └── async@0.2.10
73 silly idealTree:prePrune ├── utils-merge@1.0.0
73 silly idealTree:prePrune ├── uuid@2.0.2
73 silly idealTree:prePrune ├── vary@1.0.1
73 silly idealTree:prePrune ├── verror@1.3.6
73 silly idealTree:prePrune ├─┬ vow-fs@0.3.5
73 silly idealTree:prePrune │ ├── glob@4.5.3
73 silly idealTree:prePrune │ └── minimatch@2.0.10
73 silly idealTree:prePrune ├── vow-queue@0.4.2
73 silly idealTree:prePrune ├── vow@0.4.12
73 silly idealTree:prePrune ├── ware@1.3.0
73 silly idealTree:prePrune ├── window-size@0.1.4
73 silly idealTree:prePrune ├─┬ winston@2.2.0
73 silly idealTree:prePrune │ ├── async@1.0.0
73 silly idealTree:prePrune │ └── pkginfo@0.3.1
73 silly idealTree:prePrune ├── wordwrap@0.0.2
73 silly idealTree:prePrune ├── wordwrapjs@1.2.0
73 silly idealTree:prePrune ├── wrap-ansi@2.0.0
73 silly idealTree:prePrune ├── wrap-fn@0.1.5
73 silly idealTree:prePrune ├── wrappy@1.0.2
73 silly idealTree:prePrune ├── ws@1.1.0
73 silly idealTree:prePrune ├─┬ xmlbuilder@3.1.0
73 silly idealTree:prePrune │ └── lodash@3.10.1
73 silly idealTree:prePrune ├── xtend@4.0.1
73 silly idealTree:prePrune ├── y18n@3.2.1
73 silly idealTree:prePrune └── yargs@3.29.0
74 silly loadIdealTree Finishing
75 silly currentTree botkit@0.2.0
75 silly currentTree ├── accepts@1.2.13
75 silly currentTree ├── acorn@1.2.2
75 silly currentTree ├── agent-base@2.0.1
75 silly currentTree ├── align-text@0.1.4
75 silly currentTree ├── alter@0.2.0
75 silly currentTree ├── amdefine@1.0.0
75 silly currentTree ├── ansi-escape-sequences@2.2.2
75 silly currentTree ├── ansi-regex@2.0.0
75 silly currentTree ├── ansi-styles@2.2.1
75 silly currentTree ├── argparse@1.0.7
75 silly currentTree ├── array-back@1.0.3
75 silly currentTree ├── array-flatten@1.1.1
75 silly currentTree ├── asn1@0.1.11
75 silly currentTree ├── assert-plus@0.1.5
75 silly currentTree ├── ast-traverse@0.1.1
75 silly currentTree ├── ast-types@0.8.12
75 silly currentTree ├── async@2.0.0-rc.5
75 silly currentTree ├── aws-sign2@0.6.0
75 silly currentTree ├── aws4@1.4.1
75 silly currentTree ├─┬ babel-core@5.8.38
75 silly currentTree │ ├── core-js@1.2.6
75 silly currentTree │ ├── lodash@3.10.1
75 silly currentTree │ └── minimatch@2.0.10
75 silly currentTree ├── babel-jscs@2.0.5
75 silly currentTree ├── babel-plugin-constant-folding@1.0.1
75 silly currentTree ├── babel-plugin-dead-code-elimination@1.0.2
75 silly currentTree ├── babel-plugin-eval@1.0.1
75 silly currentTree ├── babel-plugin-inline-environment-variables@1.0.1
75 silly currentTree ├── babel-plugin-jscript@1.0.4
75 silly currentTree ├── babel-plugin-member-expression-literals@1.0.1
75 silly currentTree ├── babel-plugin-property-literals@1.0.1
75 silly currentTree ├─┬ babel-plugin-proto-to-assign@1.0.4
75 silly currentTree │ └── lodash@3.10.1
75 silly currentTree ├── babel-plugin-react-constant-elements@1.0.3
75 silly currentTree ├── babel-plugin-react-display-name@1.0.3
75 silly currentTree ├── babel-plugin-remove-console@1.0.1
75 silly currentTree ├── babel-plugin-remove-debugger@1.0.1
75 silly currentTree ├── babel-plugin-runtime@1.0.7
75 silly currentTree ├── babel-plugin-undeclared-variables-check@1.0.2
75 silly currentTree ├── babel-plugin-undefined-to-void@1.1.6
75 silly currentTree ├── babylon@5.8.38
75 silly currentTree ├── back@1.0.1
75 silly currentTree ├── balanced-match@0.4.1
75 silly currentTree ├── base64-url@1.2.2
75 silly currentTree ├── base64url@1.0.6
75 silly currentTree ├── bl@1.0.3
75 silly currentTree ├── bluebird@2.10.2
75 silly currentTree ├── body-parser@1.15.1
75 silly currentTree ├── boom@2.10.1
75 silly currentTree ├── brace-expansion@1.1.4
75 silly currentTree ├── breakable@1.0.0
75 silly currentTree ├── buffer-equal-constant-time@1.0.1
75 silly currentTree ├── bytes@2.3.0
75 silly currentTree ├── camelcase-keys@1.0.0
75 silly currentTree ├── camelcase@1.2.1
75 silly currentTree ├── caseless@0.11.0
75 silly currentTree ├── center-align@0.1.3
75 silly currentTree ├── chalk@1.1.3
75 silly currentTree ├── cli-table@0.3.1
75 silly currentTree ├── cliui@3.2.0
75 silly currentTree ├── clone@1.0.2
75 silly currentTree ├── co@3.1.0
75 silly currentTree ├── code-point-at@1.0.0
75 silly currentTree ├── collect-all@0.2.1
75 silly currentTree ├─┬ collect-json@1.0.8
75 silly currentTree │ ├── collect-all@1.0.2
75 silly currentTree │ └── stream-via@1.0.3
75 silly currentTree ├── colors@1.0.3
75 silly currentTree ├── column-layout@2.1.4
75 silly currentTree ├── combined-stream@1.0.5
75 silly currentTree ├── command-line-args@2.1.6
75 silly currentTree ├── command-line-usage@2.0.5
75 silly currentTree ├── commander@2.9.0
75 silly currentTree ├── comment-parser@0.3.1
75 silly currentTree ├─┬ commoner@0.10.4
75 silly currentTree │ └── q@1.4.1
75 silly currentTree ├── concat-map@0.0.1
75 silly currentTree ├─┬ concat-stream@1.4.10
75 silly currentTree │ ├── isarray@0.0.1
75 silly currentTree │ └── readable-stream@1.1.14
75 silly currentTree ├── content-disposition@0.5.1
75 silly currentTree ├── content-type@1.0.2
75 silly currentTree ├── convert-source-map@1.2.0
75 silly currentTree ├── cookie-signature@1.0.6
75 silly currentTree ├── cookie@0.1.5
75 silly currentTree ├── core-js@2.4.0
75 silly currentTree ├── core-util-is@1.0.2
75 silly currentTree ├── cryptiles@2.0.5
75 silly currentTree ├── ctype@0.5.3
75 silly currentTree ├── cycle@1.0.3
75 silly currentTree ├── d@0.1.1
75 silly currentTree ├─┬ dashdash@1.14.0
75 silly currentTree │ └── assert-plus@1.0.0
75 silly currentTree ├── debug@2.2.0
75 silly currentTree ├── decamelize@1.2.0
75 silly currentTree ├── deep-equal@1.0.1
75 silly currentTree ├── deep-extend@0.4.1
75 silly currentTree ├── defined@1.0.0
75 silly currentTree ├─┬ defs@1.1.1
75 silly currentTree │ ├── cliui@2.1.0
75 silly currentTree │ ├── esprima-fb@15001.1001.0-dev-harmony-fb
75 silly currentTree │ └── yargs@3.27.0
75 silly currentTree ├── delayed-stream@1.0.0
75 silly currentTree ├── depd@1.1.0
75 silly currentTree ├── deprecate@0.1.0
75 silly currentTree ├── destroy@1.0.4
75 silly currentTree ├─┬ detect-indent@3.0.1
75 silly currentTree │ └── minimist@1.2.0
75 silly currentTree ├── detective@4.3.1
75 silly currentTree ├── diff@1.4.0
75 silly currentTree ├─┬ dom-serializer@0.1.0
75 silly currentTree │ ├── domelementtype@1.1.3
75 silly currentTree │ └── entities@1.1.1
75 silly currentTree ├── domelementtype@1.3.0
75 silly currentTree ├── domhandler@2.3.0
75 silly currentTree ├── domutils@1.5.1
75 silly currentTree ├── ecc-jsbn@0.1.1
75 silly currentTree ├── ecdsa-sig-formatter@1.0.5
75 silly currentTree ├── ee-first@1.1.1
75 silly currentTree ├── entities@1.0.0
75 silly currentTree ├── es5-ext@0.10.11
75 silly currentTree ├── es6-iterator@2.0.0
75 silly currentTree ├── es6-map@0.1.3
75 silly currentTree ├── es6-set@0.1.4
75 silly currentTree ├── es6-symbol@3.0.2
75 silly currentTree ├── es6-weak-map@2.0.1
75 silly currentTree ├── escape-html@1.0.3
75 silly currentTree ├── escape-string-regexp@1.0.5
75 silly currentTree ├── escope@3.6.0
75 silly currentTree ├── esprima@2.7.2
75 silly currentTree ├─┬ esrecurse@4.1.0
75 silly currentTree │ ├── estraverse@4.1.1
75 silly currentTree │ └── object-assign@4.1.0
75 silly currentTree ├── estraverse@4.2.0
75 silly currentTree ├── esutils@2.0.2
75 silly currentTree ├── etag@1.7.0
75 silly currentTree ├── event-emitter@0.3.4
75 silly currentTree ├── exit@0.1.2
75 silly currentTree ├─┬ express@4.13.4
75 silly currentTree │ └── qs@4.0.0
75 silly currentTree ├── extend@3.0.0
75 silly currentTree ├── extsprintf@1.0.2
75 silly currentTree ├── eyes@0.1.8
75 silly currentTree ├── feature-detect-es6@1.3.0
75 silly currentTree ├── finalhandler@0.4.1
75 silly currentTree ├─┬ find-replace@1.0.2
75 silly currentTree │ └── test-value@2.0.0
75 silly currentTree ├── forever-agent@0.6.1
75 silly currentTree ├─┬ form-data@1.0.0-rc4
75 silly currentTree │ └── async@1.5.2
75 silly currentTree ├── forwarded@0.1.0
75 silly currentTree ├── fresh@0.3.0
75 silly currentTree ├── fs-readdir-recursive@0.1.2
75 silly currentTree ├── generate-function@2.0.0
75 silly currentTree ├── generate-object-property@1.2.0
75 silly currentTree ├── get-stdin@4.0.1
75 silly currentTree ├─┬ getpass@0.1.6
75 silly currentTree │ └── assert-plus@1.0.0
75 silly currentTree ├── glob@5.0.15
75 silly currentTree ├── globals@6.4.1
75 silly currentTree ├── graceful-fs@4.1.4
75 silly currentTree ├── graceful-readlink@1.0.1
75 silly currentTree ├── growl@1.9.2
75 silly currentTree ├── har-validator@2.0.6
75 silly currentTree ├── has-ansi@2.0.0
75 silly currentTree ├── has-color@0.1.7
75 silly currentTree ├── hawk@3.1.3
75 silly currentTree ├── hoek@2.16.3
75 silly currentTree ├── home-or-tmp@1.0.0
75 silly currentTree ├─┬ htmlparser2@3.8.3
75 silly currentTree │ ├── isarray@0.0.1
75 silly currentTree │ └── readable-stream@1.1.14
75 silly currentTree ├── http-errors@1.4.0
75 silly currentTree ├── http-signature@0.11.0
75 silly currentTree ├── https-proxy-agent@1.0.0
75 silly currentTree ├── i@0.3.5
75 silly currentTree ├── iconv-lite@0.4.13
75 silly currentTree ├─┬ indent-string@1.2.2
75 silly currentTree │ └── minimist@1.2.0
75 silly currentTree ├── inflight@1.0.5
75 silly currentTree ├── inherit@2.2.3
75 silly currentTree ├── inherits@2.0.1
75 silly currentTree ├── invert-kv@1.0.0
75 silly currentTree ├── ipaddr.js@1.0.5
75 silly currentTree ├── is-buffer@1.1.3
75 silly currentTree ├── is-finite@1.0.1
75 silly currentTree ├── is-fullwidth-code-point@1.0.0
75 silly currentTree ├── is-integer@1.0.6
75 silly currentTree ├── is-my-json-valid@2.13.1
75 silly currentTree ├── is-property@1.0.2
75 silly currentTree ├── is-typedarray@1.0.0
75 silly currentTree ├── is-utf8@0.2.1
75 silly currentTree ├── isarray@1.0.0
75 silly currentTree ├── isstream@0.1.2
75 silly currentTree ├─┬ jade@0.26.3
75 silly currentTree │ ├── commander@0.6.1
75 silly currentTree │ └── mkdirp@0.3.0
75 silly currentTree ├─┬ jfs@0.2.6
75 silly currentTree │ └── async@1.2.1
75 silly currentTree ├── jodid25519@1.0.2
75 silly currentTree ├── js-tokens@1.0.1
75 silly currentTree ├── js-yaml@3.4.6
75 silly currentTree ├── jsbn@0.1.0
75 silly currentTree ├── jscs-jsdoc@1.3.2
75 silly currentTree ├── jscs-preset-wikimedia@1.0.0
75 silly currentTree ├─┬ jscs@2.11.0
75 silly currentTree │ └── lodash@3.10.1
75 silly currentTree ├─┬ jsdoctypeparser@1.2.0
75 silly currentTree │ └── lodash@3.10.1
75 silly currentTree ├── jsesc@0.5.0
75 silly currentTree ├── json-schema@0.2.2
75 silly currentTree ├── json-stringify-safe@5.0.1
75 silly currentTree ├── json5@0.4.0
75 silly currentTree ├── jsonlint@1.6.2
75 silly currentTree ├── jsonpointer@2.0.0
75 silly currentTree ├── jsonwebtoken@5.4.1
75 silly currentTree ├── jsprim@1.2.2
75 silly currentTree ├── JSV@4.0.2
75 silly currentTree ├── jwa@1.1.3
75 silly currentTree ├── jws@3.1.3
75 silly currentTree ├── jwt-simple@0.1.0
75 silly currentTree ├── kind-of@3.0.3
75 silly currentTree ├── lazy-cache@1.0.4
75 silly currentTree ├── lcid@1.0.0
75 silly currentTree ├── leven@1.0.2
75 silly currentTree ├─┬ localtunnel@1.8.1
75 silly currentTree │ ├── qs@5.2.0
75 silly currentTree │ └── request@2.65.0
75 silly currentTree ├── lodash._baseassign@3.2.0
75 silly currentTree ├── lodash._basecopy@3.0.1
75 silly currentTree ├── lodash._bindcallback@3.0.1
75 silly currentTree ├── lodash._createassigner@3.1.1
75 silly currentTree ├── lodash._getnative@3.9.1
75 silly currentTree ├── lodash._isiterateecall@3.0.9
75 silly currentTree ├── lodash.assign@3.2.0
75 silly currentTree ├── lodash.isarguments@3.0.8
75 silly currentTree ├── lodash.isarray@3.0.4
75 silly currentTree ├── lodash.keys@3.1.2
75 silly currentTree ├── lodash.restparam@3.6.1
75 silly currentTree ├── lodash@4.13.1
75 silly currentTree ├── longest@1.0.1
75 silly currentTree ├── lru-cache@2.7.3
75 silly currentTree ├── map-obj@1.0.1
75 silly currentTree ├── media-typer@0.3.0
75 silly currentTree ├─┬ meow@2.0.0
75 silly currentTree │ └── minimist@1.2.0
75 silly currentTree ├── merge-descriptors@1.0.1
75 silly currentTree ├── methods@1.1.2
75 silly currentTree ├── mime-db@1.23.0
75 silly currentTree ├── mime-types@2.1.11
75 silly currentTree ├── mime@1.3.4
75 silly currentTree ├── minimatch@3.0.0
75 silly currentTree ├── minimist@0.0.8
75 silly currentTree ├── mkdirp@0.5.1
75 silly currentTree ├─┬ mocha@2.5.3
75 silly currentTree │ ├── commander@2.3.0
75 silly currentTree │ ├── escape-string-regexp@1.0.2
75 silly currentTree │ ├── glob@3.2.11
75 silly currentTree │ ├── minimatch@0.3.0
75 silly currentTree │ └── supports-color@1.2.0
75 silly currentTree ├── ms@0.7.1
75 silly currentTree ├── mustache@2.2.1
75 silly currentTree ├── mute-stream@0.0.6
75 silly currentTree ├── natural-compare@1.2.2
75 silly currentTree ├── ncp@0.4.2
75 silly currentTree ├── negotiator@0.5.3
75 silly currentTree ├── node-uuid@1.4.7
75 silly currentTree ├─┬ nomnom@1.8.1
75 silly currentTree │ ├── ansi-styles@1.0.0
75 silly currentTree │ ├── chalk@0.4.0
75 silly currentTree │ ├── strip-ansi@0.1.1
75 silly currentTree │ └── underscore@1.6.0
75 silly currentTree ├── number-is-nan@1.0.0
75 silly currentTree ├── oauth-sign@0.8.2
75 silly currentTree ├── object-assign@1.0.0
75 silly currentTree ├── object-get@2.0.4
75 silly currentTree ├── object-tools@2.0.6
75 silly currentTree ├── on-finished@2.3.0
75 silly currentTree ├── once@1.3.3
75 silly currentTree ├── openurl@1.1.0
75 silly currentTree ├── options@0.0.6
75 silly currentTree ├── os-locale@1.4.0
75 silly currentTree ├── os-tmpdir@1.0.1
75 silly currentTree ├── output-file-sync@1.1.1
75 silly currentTree ├── parseurl@1.3.1
75 silly currentTree ├── path-exists@1.0.0
75 silly currentTree ├── path-is-absolute@1.0.0
75 silly currentTree ├── path-to-regexp@0.1.7
75 silly currentTree ├── pathval@0.1.1
75 silly currentTree ├── pinkie-promise@2.0.1
75 silly currentTree ├── pinkie@2.0.4
75 silly currentTree ├── pkginfo@0.4.0
75 silly currentTree ├── private@0.1.6
75 silly currentTree ├── process-nextick-args@1.0.7
75 silly currentTree ├─┬ prompt@0.2.14
75 silly currentTree │ ├── async@0.2.10
75 silly currentTree │ ├── colors@0.6.2
75 silly currentTree │ └─┬ winston@0.8.3
75 silly currentTree │   └── pkginfo@0.3.1
75 silly currentTree ├── proxy-addr@1.0.10
75 silly currentTree ├── q@0.9.7
75 silly currentTree ├── qs@6.1.0
75 silly currentTree ├── range-parser@1.0.3
75 silly currentTree ├── raw-body@2.1.6
75 silly currentTree ├── read@1.0.7
75 silly currentTree ├── readable-stream@2.0.6
75 silly currentTree ├─┬ recast@0.10.33
75 silly currentTree │ └── esprima-fb@15001.1001.0-dev-harmony-fb
75 silly currentTree ├── regenerate@1.3.1
75 silly currentTree ├─┬ regenerator@0.8.40
75 silly currentTree │ └── esprima-fb@15001.1001.0-dev-harmony-fb
75 silly currentTree ├── regexpu@1.3.0
75 silly currentTree ├── regjsgen@0.2.0
75 silly currentTree ├── regjsparser@0.1.5
75 silly currentTree ├── repeat-string@1.5.4
75 silly currentTree ├── repeating@1.1.3
75 silly currentTree ├─┬ request@2.72.0
75 silly currentTree │ ├── assert-plus@0.2.0
75 silly currentTree │ ├── bl@1.1.2
75 silly currentTree │ └── http-signature@1.1.1
75 silly currentTree ├── reserved-words@0.1.1
75 silly currentTree ├── resolve@1.1.7
75 silly currentTree ├── revalidator@0.1.8
75 silly currentTree ├── right-align@0.1.3
75 silly currentTree ├─┬ rimraf@2.5.2
75 silly currentTree │ └── glob@7.0.3
75 silly currentTree ├── scmp@0.0.3
75 silly currentTree ├── semver@5.0.3
75 silly currentTree ├─┬ send@0.13.1
75 silly currentTree │ ├── http-errors@1.3.1
75 silly currentTree │ └── statuses@1.2.1
75 silly currentTree ├─┬ serve-static@1.10.3
75 silly currentTree │ ├── http-errors@1.3.1
75 silly currentTree │ ├── send@0.13.2
75 silly currentTree │ └── statuses@1.2.1
75 silly currentTree ├── shebang-regex@1.0.0
75 silly currentTree ├── should-equal@0.8.0
75 silly currentTree ├── should-format@0.3.2
75 silly currentTree ├── should-type@0.2.0
75 silly currentTree ├── should@8.4.0
75 silly currentTree ├── sigmund@1.0.1
75 silly currentTree ├── simple-fmt@0.1.0
75 silly currentTree ├── simple-is@0.2.0
75 silly currentTree ├── slash@1.0.0
75 silly currentTree ├── sntp@1.0.9
75 silly currentTree ├─┬ source-map-support@0.2.10
75 silly currentTree │ └── source-map@0.1.32
75 silly currentTree ├── source-map@0.5.6
75 silly currentTree ├── sprintf-js@1.0.3
75 silly currentTree ├─┬ sshpk@1.8.3
75 silly currentTree │ ├── asn1@0.2.3
75 silly currentTree │ └── assert-plus@1.0.0
75 silly currentTree ├── stable@0.1.5
75 silly currentTree ├── stack-trace@0.0.9
75 silly currentTree ├── statuses@1.3.0
75 silly currentTree ├── stream-connect@1.0.2
75 silly currentTree ├── stream-via@0.1.1
75 silly currentTree ├── string_decoder@0.10.31
75 silly currentTree ├── string-width@1.0.1
75 silly currentTree ├── string.prototype.startswith@0.2.0
75 silly currentTree ├── stringmap@0.2.2
75 silly currentTree ├── stringset@0.2.1
75 silly currentTree ├── stringstream@0.0.5
75 silly currentTree ├── strip-ansi@3.0.1
75 silly currentTree ├── strip-bom@2.0.0
75 silly currentTree ├── strip-json-comments@1.0.4
75 silly currentTree ├── supports-color@2.0.0
75 silly currentTree ├── test-value@1.1.0
75 silly currentTree ├── through@2.3.8
75 silly currentTree ├── to-double-quotes@2.0.0
75 silly currentTree ├── to-fast-properties@1.0.2
75 silly currentTree ├── to-iso-string@0.0.2
75 silly currentTree ├── to-single-quotes@2.0.0
75 silly currentTree ├── tough-cookie@2.2.2
75 silly currentTree ├── trim-right@1.0.1
75 silly currentTree ├── try-resolve@1.0.1
75 silly currentTree ├── tryor@0.1.2
75 silly currentTree ├── tunnel-agent@0.4.3
75 silly currentTree ├── tweetnacl@0.13.3
75 silly currentTree ├─┬ twilio@2.9.1
75 silly currentTree │ ├── async@0.9.2
75 silly currentTree │ ├── aws-sign2@0.5.0
75 silly currentTree │ ├── bl@0.9.5
75 silly currentTree │ ├── caseless@0.9.0
75 silly currentTree │ ├── combined-stream@0.0.7
75 silly currentTree │ ├── delayed-stream@0.0.5
75 silly currentTree │ ├── form-data@0.2.0
75 silly currentTree │ ├── har-validator@1.8.0
75 silly currentTree │ ├── hawk@2.3.1
75 silly currentTree │ ├── http-signature@0.10.1
75 silly currentTree │ ├── isarray@0.0.1
75 silly currentTree │ ├── mime-db@1.12.0
75 silly currentTree │ ├── mime-types@2.0.14
75 silly currentTree │ ├── oauth-sign@0.6.0
75 silly currentTree │ ├── qs@2.4.2
75 silly currentTree │ ├── readable-stream@1.0.34
75 silly currentTree │ └── request@2.55.0
75 silly currentTree ├── type-is@1.6.13
75 silly currentTree ├── typedarray@0.0.6
75 silly currentTree ├── typical@2.4.2
75 silly currentTree ├── ultron@1.0.2
75 silly currentTree ├── underscore@1.8.3
75 silly currentTree ├── unpipe@1.0.0
75 silly currentTree ├── user-home@1.1.1
75 silly currentTree ├── util-deprecate@1.0.2
75 silly currentTree ├─┬ utile@0.2.1
75 silly currentTree │ └── async@0.2.10
75 silly currentTree ├── utils-merge@1.0.0
75 silly currentTree ├── uuid@2.0.2
75 silly currentTree ├── vary@1.0.1
75 silly currentTree ├── verror@1.3.6
75 silly currentTree ├─┬ vow-fs@0.3.5
75 silly currentTree │ ├── glob@4.5.3
75 silly currentTree │ └── minimatch@2.0.10
75 silly currentTree ├── vow-queue@0.4.2
75 silly currentTree ├── vow@0.4.12
75 silly currentTree ├── ware@1.3.0
75 silly currentTree ├── window-size@0.1.4
75 silly currentTree ├─┬ winston@2.2.0
75 silly currentTree │ ├── async@1.0.0
75 silly currentTree │ └── pkginfo@0.3.1
75 silly currentTree ├── wordwrap@0.0.2
75 silly currentTree ├── wordwrapjs@1.2.0
75 silly currentTree ├── wrap-ansi@2.0.0
75 silly currentTree ├── wrap-fn@0.1.5
75 silly currentTree ├── wrappy@1.0.2
75 silly currentTree ├── ws@1.1.0
75 silly currentTree ├─┬ xmlbuilder@3.1.0
75 silly currentTree │ └── lodash@3.10.1
75 silly currentTree ├── xtend@4.0.1
75 silly currentTree ├── y18n@3.2.1
75 silly currentTree └── yargs@3.29.0
76 silly idealTree botkit@0.2.0
76 silly idealTree ├── accepts@1.2.13
76 silly idealTree ├── acorn@1.2.2
76 silly idealTree ├── agent-base@2.0.1
76 silly idealTree ├── align-text@0.1.4
76 silly idealTree ├── alter@0.2.0
76 silly idealTree ├── amdefine@1.0.0
76 silly idealTree ├── ansi-escape-sequences@2.2.2
76 silly idealTree ├── ansi-regex@2.0.0
76 silly idealTree ├── ansi-styles@2.2.1
76 silly idealTree ├── argparse@1.0.7
76 silly idealTree ├── array-back@1.0.3
76 silly idealTree ├── array-flatten@1.1.1
76 silly idealTree ├── asn1@0.1.11
76 silly idealTree ├── assert-plus@0.1.5
76 silly idealTree ├── ast-traverse@0.1.1
76 silly idealTree ├── ast-types@0.8.12
76 silly idealTree ├── async@2.0.0-rc.5
76 silly idealTree ├── aws-sign2@0.6.0
76 silly idealTree ├── aws4@1.4.1
76 silly idealTree ├─┬ babel-core@5.8.38
76 silly idealTree │ ├── core-js@1.2.6
76 silly idealTree │ ├── lodash@3.10.1
76 silly idealTree │ └── minimatch@2.0.10
76 silly idealTree ├── babel-jscs@2.0.5
76 silly idealTree ├── babel-plugin-constant-folding@1.0.1
76 silly idealTree ├── babel-plugin-dead-code-elimination@1.0.2
76 silly idealTree ├── babel-plugin-eval@1.0.1
76 silly idealTree ├── babel-plugin-inline-environment-variables@1.0.1
76 silly idealTree ├── babel-plugin-jscript@1.0.4
76 silly idealTree ├── babel-plugin-member-expression-literals@1.0.1
76 silly idealTree ├── babel-plugin-property-literals@1.0.1
76 silly idealTree ├─┬ babel-plugin-proto-to-assign@1.0.4
76 silly idealTree │ └── lodash@3.10.1
76 silly idealTree ├── babel-plugin-react-constant-elements@1.0.3
76 silly idealTree ├── babel-plugin-react-display-name@1.0.3
76 silly idealTree ├── babel-plugin-remove-console@1.0.1
76 silly idealTree ├── babel-plugin-remove-debugger@1.0.1
76 silly idealTree ├── babel-plugin-runtime@1.0.7
76 silly idealTree ├── babel-plugin-undeclared-variables-check@1.0.2
76 silly idealTree ├── babel-plugin-undefined-to-void@1.1.6
76 silly idealTree ├── babylon@5.8.38
76 silly idealTree ├── back@1.0.1
76 silly idealTree ├── balanced-match@0.4.1
76 silly idealTree ├── base64-url@1.2.2
76 silly idealTree ├── base64url@1.0.6
76 silly idealTree ├── bl@1.0.3
76 silly idealTree ├── bluebird@2.10.2
76 silly idealTree ├── body-parser@1.15.1
76 silly idealTree ├── boom@2.10.1
76 silly idealTree ├── brace-expansion@1.1.4
76 silly idealTree ├── breakable@1.0.0
76 silly idealTree ├── buffer-equal-constant-time@1.0.1
76 silly idealTree ├── bytes@2.3.0
76 silly idealTree ├── camelcase-keys@1.0.0
76 silly idealTree ├── camelcase@1.2.1
76 silly idealTree ├── caseless@0.11.0
76 silly idealTree ├── center-align@0.1.3
76 silly idealTree ├── chalk@1.1.3
76 silly idealTree ├── cleverbot.io@1.0.4
76 silly idealTree ├── cli-table@0.3.1
76 silly idealTree ├── cliui@3.2.0
76 silly idealTree ├── clone@1.0.2
76 silly idealTree ├── co@3.1.0
76 silly idealTree ├── code-point-at@1.0.0
76 silly idealTree ├── collect-all@0.2.1
76 silly idealTree ├─┬ collect-json@1.0.8
76 silly idealTree │ ├── collect-all@1.0.2
76 silly idealTree │ └── stream-via@1.0.3
76 silly idealTree ├── colors@1.0.3
76 silly idealTree ├── column-layout@2.1.4
76 silly idealTree ├── combined-stream@1.0.5
76 silly idealTree ├── command-line-args@2.1.6
76 silly idealTree ├── command-line-usage@2.0.5
76 silly idealTree ├── commander@2.9.0
76 silly idealTree ├── comment-parser@0.3.1
76 silly idealTree ├─┬ commoner@0.10.4
76 silly idealTree │ └── q@1.4.1
76 silly idealTree ├── concat-map@0.0.1
76 silly idealTree ├─┬ concat-stream@1.4.10
76 silly idealTree │ ├── isarray@0.0.1
76 silly idealTree │ └── readable-stream@1.1.14
76 silly idealTree ├── content-disposition@0.5.1
76 silly idealTree ├── content-type@1.0.2
76 silly idealTree ├── convert-source-map@1.2.0
76 silly idealTree ├── cookie-signature@1.0.6
76 silly idealTree ├── cookie@0.1.5
76 silly idealTree ├── core-js@2.4.0
76 silly idealTree ├── core-util-is@1.0.2
76 silly idealTree ├── cryptiles@2.0.5
76 silly idealTree ├── ctype@0.5.3
76 silly idealTree ├── cycle@1.0.3
76 silly idealTree ├── d@0.1.1
76 silly idealTree ├─┬ dashdash@1.14.0
76 silly idealTree │ └── assert-plus@1.0.0
76 silly idealTree ├── debug@2.2.0
76 silly idealTree ├── decamelize@1.2.0
76 silly idealTree ├── deep-equal@1.0.1
76 silly idealTree ├── deep-extend@0.4.1
76 silly idealTree ├── defined@1.0.0
76 silly idealTree ├─┬ defs@1.1.1
76 silly idealTree │ ├── cliui@2.1.0
76 silly idealTree │ ├── esprima-fb@15001.1001.0-dev-harmony-fb
76 silly idealTree │ └── yargs@3.27.0
76 silly idealTree ├── delayed-stream@1.0.0
76 silly idealTree ├── depd@1.1.0
76 silly idealTree ├── deprecate@0.1.0
76 silly idealTree ├── destroy@1.0.4
76 silly idealTree ├─┬ detect-indent@3.0.1
76 silly idealTree │ └── minimist@1.2.0
76 silly idealTree ├── detective@4.3.1
76 silly idealTree ├── diff@1.4.0
76 silly idealTree ├─┬ dom-serializer@0.1.0
76 silly idealTree │ ├── domelementtype@1.1.3
76 silly idealTree │ └── entities@1.1.1
76 silly idealTree ├── domelementtype@1.3.0
76 silly idealTree ├── domhandler@2.3.0
76 silly idealTree ├── domutils@1.5.1
76 silly idealTree ├── ecc-jsbn@0.1.1
76 silly idealTree ├── ecdsa-sig-formatter@1.0.5
76 silly idealTree ├── ee-first@1.1.1
76 silly idealTree ├── entities@1.0.0
76 silly idealTree ├── es5-ext@0.10.11
76 silly idealTree ├── es6-iterator@2.0.0
76 silly idealTree ├── es6-map@0.1.3
76 silly idealTree ├── es6-set@0.1.4
76 silly idealTree ├── es6-symbol@3.0.2
76 silly idealTree ├── es6-weak-map@2.0.1
76 silly idealTree ├── escape-html@1.0.3
76 silly idealTree ├── escape-string-regexp@1.0.5
76 silly idealTree ├── escope@3.6.0
76 silly idealTree ├── esprima@2.7.2
76 silly idealTree ├─┬ esrecurse@4.1.0
76 silly idealTree │ ├── estraverse@4.1.1
76 silly idealTree │ └── object-assign@4.1.0
76 silly idealTree ├── estraverse@4.2.0
76 silly idealTree ├── esutils@2.0.2
76 silly idealTree ├── etag@1.7.0
76 silly idealTree ├── event-emitter@0.3.4
76 silly idealTree ├── exit@0.1.2
76 silly idealTree ├─┬ express@4.13.4
76 silly idealTree │ └── qs@4.0.0
76 silly idealTree ├── extend@3.0.0
76 silly idealTree ├── extsprintf@1.0.2
76 silly idealTree ├── eyes@0.1.8
76 silly idealTree ├── feature-detect-es6@1.3.0
76 silly idealTree ├── finalhandler@0.4.1
76 silly idealTree ├─┬ find-replace@1.0.2
76 silly idealTree │ └── test-value@2.0.0
76 silly idealTree ├── forever-agent@0.6.1
76 silly idealTree ├─┬ form-data@1.0.0-rc4
76 silly idealTree │ └── async@1.5.2
76 silly idealTree ├── forwarded@0.1.0
76 silly idealTree ├── fresh@0.3.0
76 silly idealTree ├── fs-readdir-recursive@0.1.2
76 silly idealTree ├── generate-function@2.0.0
76 silly idealTree ├── generate-object-property@1.2.0
76 silly idealTree ├── get-stdin@4.0.1
76 silly idealTree ├─┬ getpass@0.1.6
76 silly idealTree │ └── assert-plus@1.0.0
76 silly idealTree ├── glob@5.0.15
76 silly idealTree ├── globals@6.4.1
76 silly idealTree ├── graceful-fs@4.1.4
76 silly idealTree ├── graceful-readlink@1.0.1
76 silly idealTree ├── growl@1.9.2
76 silly idealTree ├── har-validator@2.0.6
76 silly idealTree ├── has-ansi@2.0.0
76 silly idealTree ├── has-color@0.1.7
76 silly idealTree ├── hawk@3.1.3
76 silly idealTree ├── hoek@2.16.3
76 silly idealTree ├── home-or-tmp@1.0.0
76 silly idealTree ├─┬ htmlparser2@3.8.3
76 silly idealTree │ ├── isarray@0.0.1
76 silly idealTree │ └── readable-stream@1.1.14
76 silly idealTree ├── http-errors@1.4.0
76 silly idealTree ├── http-signature@0.11.0
76 silly idealTree ├── https-proxy-agent@1.0.0
76 silly idealTree ├── i@0.3.5
76 silly idealTree ├── iconv-lite@0.4.13
76 silly idealTree ├─┬ indent-string@1.2.2
76 silly idealTree │ └── minimist@1.2.0
76 silly idealTree ├── inflight@1.0.5
76 silly idealTree ├── inherit@2.2.3
76 silly idealTree ├── inherits@2.0.1
76 silly idealTree ├── invert-kv@1.0.0
76 silly idealTree ├── ipaddr.js@1.0.5
76 silly idealTree ├── is-buffer@1.1.3
76 silly idealTree ├── is-finite@1.0.1
76 silly idealTree ├── is-fullwidth-code-point@1.0.0
76 silly idealTree ├── is-integer@1.0.6
76 silly idealTree ├── is-my-json-valid@2.13.1
76 silly idealTree ├── is-property@1.0.2
76 silly idealTree ├── is-typedarray@1.0.0
76 silly idealTree ├── is-utf8@0.2.1
76 silly idealTree ├── isarray@1.0.0
76 silly idealTree ├── isstream@0.1.2
76 silly idealTree ├─┬ jade@0.26.3
76 silly idealTree │ ├── commander@0.6.1
76 silly idealTree │ └── mkdirp@0.3.0
76 silly idealTree ├─┬ jfs@0.2.6
76 silly idealTree │ └── async@1.2.1
76 silly idealTree ├── jodid25519@1.0.2
76 silly idealTree ├── js-tokens@1.0.1
76 silly idealTree ├── js-yaml@3.4.6
76 silly idealTree ├── jsbn@0.1.0
76 silly idealTree ├── jscs-jsdoc@1.3.2
76 silly idealTree ├── jscs-preset-wikimedia@1.0.0
76 silly idealTree ├─┬ jscs@2.11.0
76 silly idealTree │ └── lodash@3.10.1
76 silly idealTree ├─┬ jsdoctypeparser@1.2.0
76 silly idealTree │ └── lodash@3.10.1
76 silly idealTree ├── jsesc@0.5.0
76 silly idealTree ├── json-schema@0.2.2
76 silly idealTree ├── json-stringify-safe@5.0.1
76 silly idealTree ├── json5@0.4.0
76 silly idealTree ├── jsonlint@1.6.2
76 silly idealTree ├── jsonpointer@2.0.0
76 silly idealTree ├── jsonwebtoken@5.4.1
76 silly idealTree ├── jsprim@1.2.2
76 silly idealTree ├── JSV@4.0.2
76 silly idealTree ├── jwa@1.1.3
76 silly idealTree ├── jws@3.1.3
76 silly idealTree ├── jwt-simple@0.1.0
76 silly idealTree ├── kind-of@3.0.3
76 silly idealTree ├── lazy-cache@1.0.4
76 silly idealTree ├── lcid@1.0.0
76 silly idealTree ├── leven@1.0.2
76 silly idealTree ├─┬ localtunnel@1.8.1
76 silly idealTree │ ├── qs@5.2.0
76 silly idealTree │ └── request@2.65.0
76 silly idealTree ├── lodash._baseassign@3.2.0
76 silly idealTree ├── lodash._basecopy@3.0.1
76 silly idealTree ├── lodash._bindcallback@3.0.1
76 silly idealTree ├── lodash._createassigner@3.1.1
76 silly idealTree ├── lodash._getnative@3.9.1
76 silly idealTree ├── lodash._isiterateecall@3.0.9
76 silly idealTree ├── lodash.assign@3.2.0
76 silly idealTree ├── lodash.isarguments@3.0.8
76 silly idealTree ├── lodash.isarray@3.0.4
76 silly idealTree ├── lodash.keys@3.1.2
76 silly idealTree ├── lodash.restparam@3.6.1
76 silly idealTree ├── lodash@4.13.1
76 silly idealTree ├── longest@1.0.1
76 silly idealTree ├── lru-cache@2.7.3
76 silly idealTree ├── map-obj@1.0.1
76 silly idealTree ├── media-typer@0.3.0
76 silly idealTree ├─┬ meow@2.0.0
76 silly idealTree │ └── minimist@1.2.0
76 silly idealTree ├── merge-descriptors@1.0.1
76 silly idealTree ├── methods@1.1.2
76 silly idealTree ├── mime-db@1.23.0
76 silly idealTree ├── mime-types@2.1.11
76 silly idealTree ├── mime@1.3.4
76 silly idealTree ├── minimatch@3.0.0
76 silly idealTree ├── minimist@0.0.8
76 silly idealTree ├── mkdirp@0.5.1
76 silly idealTree ├─┬ mocha@2.5.3
76 silly idealTree │ ├── commander@2.3.0
76 silly idealTree │ ├── escape-string-regexp@1.0.2
76 silly idealTree │ ├── glob@3.2.11
76 silly idealTree │ ├── minimatch@0.3.0
76 silly idealTree │ └── supports-color@1.2.0
76 silly idealTree ├── ms@0.7.1
76 silly idealTree ├── mustache@2.2.1
76 silly idealTree ├── mute-stream@0.0.6
76 silly idealTree ├── natural-compare@1.2.2
76 silly idealTree ├── ncp@0.4.2
76 silly idealTree ├── negotiator@0.5.3
76 silly idealTree ├── node-uuid@1.4.7
76 silly idealTree ├─┬ nomnom@1.8.1
76 silly idealTree │ ├── ansi-styles@1.0.0
76 silly idealTree │ ├── chalk@0.4.0
76 silly idealTree │ ├── strip-ansi@0.1.1
76 silly idealTree │ └── underscore@1.6.0
76 silly idealTree ├── number-is-nan@1.0.0
76 silly idealTree ├── oauth-sign@0.8.2
76 silly idealTree ├── object-assign@1.0.0
76 silly idealTree ├── object-get@2.0.4
76 silly idealTree ├── object-tools@2.0.6
76 silly idealTree ├── on-finished@2.3.0
76 silly idealTree ├── once@1.3.3
76 silly idealTree ├── openurl@1.1.0
76 silly idealTree ├── options@0.0.6
76 silly idealTree ├── os-locale@1.4.0
76 silly idealTree ├── os-tmpdir@1.0.1
76 silly idealTree ├── output-file-sync@1.1.1
76 silly idealTree ├── parseurl@1.3.1
76 silly idealTree ├── path-exists@1.0.0
76 silly idealTree ├── path-is-absolute@1.0.0
76 silly idealTree ├── path-to-regexp@0.1.7
76 silly idealTree ├── pathval@0.1.1
76 silly idealTree ├── pinkie-promise@2.0.1
76 silly idealTree ├── pinkie@2.0.4
76 silly idealTree ├── pkginfo@0.4.0
76 silly idealTree ├── private@0.1.6
76 silly idealTree ├── process-nextick-args@1.0.7
76 silly idealTree ├─┬ prompt@0.2.14
76 silly idealTree │ ├── async@0.2.10
76 silly idealTree │ ├── colors@0.6.2
76 silly idealTree │ └─┬ winston@0.8.3
76 silly idealTree │   └── pkginfo@0.3.1
76 silly idealTree ├── proxy-addr@1.0.10
76 silly idealTree ├── q@0.9.7
76 silly idealTree ├── qs@6.1.0
76 silly idealTree ├── range-parser@1.0.3
76 silly idealTree ├── raw-body@2.1.6
76 silly idealTree ├── read@1.0.7
76 silly idealTree ├── readable-stream@2.0.6
76 silly idealTree ├─┬ recast@0.10.33
76 silly idealTree │ └── esprima-fb@15001.1001.0-dev-harmony-fb
76 silly idealTree ├── regenerate@1.3.1
76 silly idealTree ├─┬ regenerator@0.8.40
76 silly idealTree │ └── esprima-fb@15001.1001.0-dev-harmony-fb
76 silly idealTree ├── regexpu@1.3.0
76 silly idealTree ├── regjsgen@0.2.0
76 silly idealTree ├── regjsparser@0.1.5
76 silly idealTree ├── repeat-string@1.5.4
76 silly idealTree ├── repeating@1.1.3
76 silly idealTree ├─┬ request@2.72.0
76 silly idealTree │ ├── assert-plus@0.2.0
76 silly idealTree │ ├── bl@1.1.2
76 silly idealTree │ └── http-signature@1.1.1
76 silly idealTree ├── reserved-words@0.1.1
76 silly idealTree ├── resolve@1.1.7
76 silly idealTree ├── revalidator@0.1.8
76 silly idealTree ├── right-align@0.1.3
76 silly idealTree ├─┬ rimraf@2.5.2
76 silly idealTree │ └── glob@7.0.3
76 silly idealTree ├── scmp@0.0.3
76 silly idealTree ├── semver@5.0.3
76 silly idealTree ├─┬ send@0.13.1
76 silly idealTree │ ├── http-errors@1.3.1
76 silly idealTree │ └── statuses@1.2.1
76 silly idealTree ├─┬ serve-static@1.10.3
76 silly idealTree │ ├── http-errors@1.3.1
76 silly idealTree │ ├── send@0.13.2
76 silly idealTree │ └── statuses@1.2.1
76 silly idealTree ├── shebang-regex@1.0.0
76 silly idealTree ├── should-equal@0.8.0
76 silly idealTree ├── should-format@0.3.2
76 silly idealTree ├── should-type@0.2.0
76 silly idealTree ├── should@8.4.0
76 silly idealTree ├── sigmund@1.0.1
76 silly idealTree ├── simple-fmt@0.1.0
76 silly idealTree ├── simple-is@0.2.0
76 silly idealTree ├── slash@1.0.0
76 silly idealTree ├── sntp@1.0.9
76 silly idealTree ├─┬ source-map-support@0.2.10
76 silly idealTree │ └── source-map@0.1.32
76 silly idealTree ├── source-map@0.5.6
76 silly idealTree ├── sprintf-js@1.0.3
76 silly idealTree ├─┬ sshpk@1.8.3
76 silly idealTree │ ├── asn1@0.2.3
76 silly idealTree │ └── assert-plus@1.0.0
76 silly idealTree ├── stable@0.1.5
76 silly idealTree ├── stack-trace@0.0.9
76 silly idealTree ├── statuses@1.3.0
76 silly idealTree ├── stream-connect@1.0.2
76 silly idealTree ├── stream-via@0.1.1
76 silly idealTree ├── string_decoder@0.10.31
76 silly idealTree ├── string-width@1.0.1
76 silly idealTree ├── string.prototype.startswith@0.2.0
76 silly idealTree ├── stringmap@0.2.2
76 silly idealTree ├── stringset@0.2.1
76 silly idealTree ├── stringstream@0.0.5
76 silly idealTree ├── strip-ansi@3.0.1
76 silly idealTree ├── strip-bom@2.0.0
76 silly idealTree ├── strip-json-comments@1.0.4
76 silly idealTree ├── supports-color@2.0.0
76 silly idealTree ├── test-value@1.1.0
76 silly idealTree ├── through@2.3.8
76 silly idealTree ├── to-double-quotes@2.0.0
76 silly idealTree ├── to-fast-properties@1.0.2
76 silly idealTree ├── to-iso-string@0.0.2
76 silly idealTree ├── to-single-quotes@2.0.0
76 silly idealTree ├── tough-cookie@2.2.2
76 silly idealTree ├── trim-right@1.0.1
76 silly idealTree ├── try-resolve@1.0.1
76 silly idealTree ├── tryor@0.1.2
76 silly idealTree ├── tunnel-agent@0.4.3
76 silly idealTree ├── tweetnacl@0.13.3
76 silly idealTree ├─┬ twilio@2.9.1
76 silly idealTree │ ├── async@0.9.2
76 silly idealTree │ ├── aws-sign2@0.5.0
76 silly idealTree │ ├── bl@0.9.5
76 silly idealTree │ ├── caseless@0.9.0
76 silly idealTree │ ├── combined-stream@0.0.7
76 silly idealTree │ ├── delayed-stream@0.0.5
76 silly idealTree │ ├── form-data@0.2.0
76 silly idealTree │ ├── har-validator@1.8.0
76 silly idealTree │ ├── hawk@2.3.1
76 silly idealTree │ ├── http-signature@0.10.1
76 silly idealTree │ ├── isarray@0.0.1
76 silly idealTree │ ├── mime-db@1.12.0
76 silly idealTree │ ├── mime-types@2.0.14
76 silly idealTree │ ├── oauth-sign@0.6.0
76 silly idealTree │ ├── qs@2.4.2
76 silly idealTree │ ├── readable-stream@1.0.34
76 silly idealTree │ └── request@2.55.0
76 silly idealTree ├── type-is@1.6.13
76 silly idealTree ├── typedarray@0.0.6
76 silly idealTree ├── typical@2.4.2
76 silly idealTree ├── ultron@1.0.2
76 silly idealTree ├── underscore@1.8.3
76 silly idealTree ├── unpipe@1.0.0
76 silly idealTree ├── user-home@1.1.1
76 silly idealTree ├── util-deprecate@1.0.2
76 silly idealTree ├─┬ utile@0.2.1
76 silly idealTree │ └── async@0.2.10
76 silly idealTree ├── utils-merge@1.0.0
76 silly idealTree ├── uuid@2.0.2
76 silly idealTree ├── vary@1.0.1
76 silly idealTree ├── verror@1.3.6
76 silly idealTree ├─┬ vow-fs@0.3.5
76 silly idealTree │ ├── glob@4.5.3
76 silly idealTree │ └── minimatch@2.0.10
76 silly idealTree ├── vow-queue@0.4.2
76 silly idealTree ├── vow@0.4.12
76 silly idealTree ├── ware@1.3.0
76 silly idealTree ├── window-size@0.1.4
76 silly idealTree ├─┬ winston@2.2.0
76 silly idealTree │ ├── async@1.0.0
76 silly idealTree │ └── pkginfo@0.3.1
76 silly idealTree ├── wordwrap@0.0.2
76 silly idealTree ├── wordwrapjs@1.2.0
76 silly idealTree ├── wrap-ansi@2.0.0
76 silly idealTree ├── wrap-fn@0.1.5
76 silly idealTree ├── wrappy@1.0.2
76 silly idealTree ├── ws@1.1.0
76 silly idealTree ├─┬ xmlbuilder@3.1.0
76 silly idealTree │ └── lodash@3.10.1
76 silly idealTree ├── xtend@4.0.1
76 silly idealTree ├── y18n@3.2.1
76 silly idealTree └── yargs@3.29.0
77 silly generateActionsToTake Starting
78 silly install generateActionsToTake
79 warn checkPermissions Missing write access to /Users/stellalee/SlackProject/botkit/node_modules
80 silly rollbackFailedOptional Starting
81 silly rollbackFailedOptional Finishing
82 silly runTopLevelLifecycles Starting
83 silly runTopLevelLifecycles Finishing
84 silly install printInstalled
85 verbose stack Error: EACCES: permission denied, access '/Users/stellalee/SlackProject/botkit/node_modules'
85 verbose stack     at Error (native)
86 verbose cwd /Users/stellalee/SlackProject/botkit
87 error Darwin 15.5.0
88 error argv "/usr/local/Cellar/node/6.2.0/bin/node" "/usr/local/bin/npm" "install" "--save" "cleverbot.io"
89 error node v6.2.0
90 error npm  v3.8.9
91 error path /Users/stellalee/SlackProject/botkit/node_modules
92 error code EACCES
93 error errno -13
94 error syscall access
95 error Error: EACCES: permission denied, access '/Users/stellalee/SlackProject/botkit/node_modules'
95 error     at Error (native)
95 error  { Error: EACCES: permission denied, access '/Users/stellalee/SlackProject/botkit/node_modules'
95 error     at Error (native)
95 error   errno: -13,
95 error   code: 'EACCES',
95 error   syscall: 'access',
95 error   path: '/Users/stellalee/SlackProject/botkit/node_modules' }
96 error Please try running this command again as root/Administrator.
97 verbose exit [ -13, true ]
